[debug] [2021-04-06T02:57:29.654Z] ----------------------------------------------------------------------
[debug] [2021-04-06T02:57:29.656Z] Command:       D:\nodejs\node.exe D:\nodejs\node_modules\firebase-tools\lib\bin\firebase.js functions:shell
[debug] [2021-04-06T02:57:29.656Z] CLI Version:   9.8.0
[debug] [2021-04-06T02:57:29.656Z] Platform:      win32
[debug] [2021-04-06T02:57:29.656Z] Node Version:  v12.12.0
[debug] [2021-04-06T02:57:29.660Z] Time:          Tue Apr 06 2021 11:57:29 GMT+0900 (GMT+09:00)
[debug] [2021-04-06T02:57:29.661Z] ----------------------------------------------------------------------
[debug] 
[debug] [2021-04-06T02:57:29.678Z] > command requires scopes: ["email","openid","https://www.googleapis.com/auth/cloudplatformprojects.readonly","https://www.googleapis.com/auth/firebase","https://www.googleapis.com/auth/cloud-platform"]
[debug] [2021-04-06T02:57:29.679Z] > authorizing via signed-in user
[debug] [2021-04-06T02:57:29.679Z] [iam] checking project wordbook-c7d53 for permissions ["firebase.projects.get"]
[debug] [2021-04-06T02:57:29.682Z] > refreshing access token with scopes: ["email","https://www.googleapis.com/auth/cloud-platform","https://www.googleapis.com/auth/cloudplatformprojects.readonly","https://www.googleapis.com/auth/firebase","openid"]
[debug] [2021-04-06T02:57:29.682Z] >>> HTTP REQUEST POST https://www.googleapis.com/oauth2/v3/token  
 <request body omitted>
[debug] [2021-04-06T02:57:31.162Z] <<< HTTP RESPONSE 200 {"pragma":"no-cache","cache-control":"no-cache, no-store, max-age=0, must-revalidate","date":"Tue, 06 Apr 2021 02:57:24 GMT","expires":"Mon, 01 Jan 1990 00:00:00 GMT","content-type":"application/json; charset=utf-8","vary":"X-Origin, Referer, Origin,Accept-Encoding","server":"scaffolding on HTTPServer2","x-xss-protection":"0","x-frame-options":"SAMEORIGIN","x-content-type-options":"nosniff","alt-svc":"h3-29=\":443\"; ma=2592000,h3-T051=\":443\"; ma=2592000,h3-Q050=\":443\"; ma=2592000,h3-Q046=\":443\"; ma=2592000,h3-Q043=\":443\"; ma=2592000,quic=\":443\"; ma=2592000; v=\"46,43\"","accept-ranges":"none","transfer-encoding":"chunked"}
[debug] [2021-04-06T02:57:31.185Z] >>> HTTP REQUEST POST https://cloudresourcemanager.googleapis.com/v1/projects/wordbook-c7d53:testIamPermissions  
 {"permissions":["firebase.projects.get"]}
[debug] [2021-04-06T02:57:32.178Z] <<< HTTP RESPONSE 200 {"content-type":"application/json; charset=UTF-8","vary":"X-Origin, Referer, Origin,Accept-Encoding","date":"Tue, 06 Apr 2021 02:57:25 GMT","server":"ESF","cache-control":"private","x-xss-protection":"0","x-frame-options":"SAMEORIGIN","x-content-type-options":"nosniff","server-timing":"gfet4t7; dur=574","alt-svc":"h3-29=\":443\"; ma=2592000,h3-T051=\":443\"; ma=2592000,h3-Q050=\":443\"; ma=2592000,h3-Q046=\":443\"; ma=2592000,h3-Q043=\":443\"; ma=2592000,quic=\":443\"; ma=2592000; v=\"46,43\"","accept-ranges":"none","transfer-encoding":"chunked"}
[debug] [2021-04-06T02:57:34.339Z] [functions] Using node@12 from host.
[debug] [2021-04-06T02:57:34.346Z] defaultcredentials: writing to file C:\Users\User\AppData\Roaming\firebase\ssujini0102_gmail_com_application_default_credentials.json
[debug] [2021-04-06T02:57:34.353Z] DEBUG: Setting GAC to C:\Users\User\AppData\Roaming\firebase\ssujini0102_gmail_com_application_default_credentials.json
[debug] [2021-04-06T02:57:34.355Z] > refreshing access token with scopes: []
[debug] [2021-04-06T02:57:34.355Z] >>> HTTP REQUEST POST https://www.googleapis.com/oauth2/v3/token  
 <request body omitted>
[debug] [2021-04-06T02:57:37.639Z] <<< HTTP RESPONSE 200 {"date":"Tue, 06 Apr 2021 02:57:31 GMT","cache-control":"no-cache, no-store, max-age=0, must-revalidate","expires":"Mon, 01 Jan 1990 00:00:00 GMT","pragma":"no-cache","content-type":"application/json; charset=utf-8","vary":"X-Origin, Referer, Origin,Accept-Encoding","server":"scaffolding on HTTPServer2","x-xss-protection":"0","x-frame-options":"SAMEORIGIN","x-content-type-options":"nosniff","alt-svc":"h3-29=\":443\"; ma=2592000,h3-T051=\":443\"; ma=2592000,h3-Q050=\":443\"; ma=2592000,h3-Q046=\":443\"; ma=2592000,h3-Q043=\":443\"; ma=2592000,quic=\":443\"; ma=2592000; v=\"46,43\"","accept-ranges":"none","transfer-encoding":"chunked"}
[debug] [2021-04-06T02:57:37.659Z] >>> [apiv2][query] GET https://firebase.googleapis.com/v1beta1/projects/wordbook-c7d53/adminSdkConfig [none]
[debug] [2021-04-06T02:57:38.426Z] <<< [apiv2][status] GET https://firebase.googleapis.com/v1beta1/projects/wordbook-c7d53/adminSdkConfig 200
[debug] [2021-04-06T02:57:38.426Z] <<< [apiv2][body] GET https://firebase.googleapis.com/v1beta1/projects/wordbook-c7d53/adminSdkConfig {"projectId":"wordbook-c7d53","databaseURL":"https://wordbook-c7d53.firebaseio.com","storageBucket":"wordbook-c7d53.appspot.com","locationId":"asia-northeast3"}
[debug] [2021-04-06T02:57:38.472Z] [functions] Watching "D:\project\wordbook\functions" for Cloud Functions...
[debug] [2021-04-06T02:57:38.684Z] DEBUG: [worker-pool] addWorker(~diagnostic~)
[debug] [2021-04-06T02:57:38.684Z] DEBUG: [worker-pool] Adding worker with key ~diagnostic~, total=1
[debug] [2021-04-06T02:57:38.684Z] DEBUG: [worker-pool] submitWork(triggerId=)
[debug] [2021-04-06T02:57:38.685Z] DEBUG: [worker-~diagnostic~-358bde26-6a73-4591-8178-d54c51ad68dc]: Assigning socketPath: \\?\pipe\D:\project\wordbook\functions\18816
[debug] [2021-04-06T02:57:38.685Z] DEBUG: [worker-~diagnostic~-358bde26-6a73-4591-8178-d54c51ad68dc]: BUSY
[debug] [2021-04-06T02:57:39.559Z] DEBUG: [runtime-status] [18816] Functions runtime initialized. {"cwd":"D:\\project\\wordbook\\functions","node_version":"12.12.0"}
[debug] [2021-04-06T02:57:39.559Z] DEBUG: [runtime-status] [18816] Disabled runtime features: undefined
[debug] [2021-04-06T02:57:39.582Z] DEBUG: [runtime-status] [18816] Resolved module firebase-admin {"declared":true,"installed":true,"version":"9.6.0","resolution":"D:\\project\\wordbook\\functions\\node_modules\\firebase-admin\\lib\\index.js"}
[debug] [2021-04-06T02:57:39.593Z] DEBUG: [runtime-status] [18816] Resolved module firebase-functions {"declared":true,"installed":true,"version":"3.13.2","resolution":"D:\\project\\wordbook\\functions\\node_modules\\firebase-functions\\lib\\index.js"}
[debug] [2021-04-06T02:57:39.595Z] DEBUG: [runtime-status] [18816] Resolved module firebase-functions {"declared":true,"installed":true,"version":"3.13.2","resolution":"D:\\project\\wordbook\\functions\\node_modules\\firebase-functions\\lib\\index.js"}
[debug] [2021-04-06T02:57:39.597Z] DEBUG: [runtime-status] [18816] Outgoing network have been stubbed. [{"name":"http","status":"mocked"},{"name":"http","status":"mocked"},{"name":"https","status":"mocked"},{"name":"https","status":"mocked"},{"name":"net","status":"mocked"}]
[debug] [2021-04-06T02:57:39.598Z] DEBUG: [runtime-status] [18816] Resolved module firebase-functions {"declared":true,"installed":true,"version":"3.13.2","resolution":"D:\\project\\wordbook\\functions\\node_modules\\firebase-functions\\lib\\index.js"}
[debug] [2021-04-06T02:57:39.693Z] DEBUG: [runtime-status] [18816] Checked functions.config() {"config":{}}
[debug] [2021-04-06T02:57:39.693Z] DEBUG: [runtime-status] [18816] firebase-functions has been stubbed. {"functionsResolution":{"declared":true,"installed":true,"version":"3.13.2","resolution":"D:\\project\\wordbook\\functions\\node_modules\\firebase-functions\\lib\\index.js"}}
[debug] [2021-04-06T02:57:39.694Z] DEBUG: [runtime-status] [18816] Resolved module firebase-functions {"declared":true,"installed":true,"version":"3.13.2","resolution":"D:\\project\\wordbook\\functions\\node_modules\\firebase-functions\\lib\\index.js"}
[debug] [2021-04-06T02:57:39.697Z] DEBUG: [runtime-status] [18816] Resolved module firebase-admin {"declared":true,"installed":true,"version":"9.6.0","resolution":"D:\\project\\wordbook\\functions\\node_modules\\firebase-admin\\lib\\index.js"}
[debug] [2021-04-06T02:57:39.698Z] DEBUG: [runtime-status] [18816] Resolved module firebase-functions {"declared":true,"installed":true,"version":"3.13.2","resolution":"D:\\project\\wordbook\\functions\\node_modules\\firebase-functions\\lib\\index.js"}
[debug] [2021-04-06T02:57:39.698Z] DEBUG: [runtime-status] [18816] firebase-admin has been stubbed. {"adminResolution":{"declared":true,"installed":true,"version":"9.6.0","resolution":"D:\\project\\wordbook\\functions\\node_modules\\firebase-admin\\lib\\index.js"}}
[warn] !  It looks like you're trying to access functions.config().algolia but there is no value there. You can learn more about setting up config here: https://firebase.google.com/docs/functions/local-emulator {"metadata":{"emulator":{"name":"functions"},"message":"It looks like you're trying to access functions.config().algolia but there is no value there. You can learn more about setting up config here: https://firebase.google.com/docs/functions/local-emulator"}}
[warn] !  TypeError: Cannot read property 'appid' of undefined
    at Object.<anonymous> (D:\project\wordbook\functions\index.js:14:42)
    at Module._compile (internal/modules/cjs/loader.js:956:30)
    at Object.Module._extensions..js (internal/modules/cjs/loader.js:973:10)
    at Module.load (internal/modules/cjs/loader.js:812:32)
    at Function.Module._load (internal/modules/cjs/loader.js:724:14)
    at Module.require (internal/modules/cjs/loader.js:849:19)
    at require (internal/modules/cjs/helpers.js:74:18)
    at initializeRuntime (C:\Users\User\AppData\Roaming\nvm\v12.12.0\node_modules\firebase-tools\lib\emulator\functionsEmulatorRuntime.js:680:29)
    at processTicksAndRejections (internal/process/task_queues.js:93:5)
    at async handleMessage (C:\Users\User\AppData\Roaming\nvm\v12.12.0\node_modules\firebase-tools\lib\emulator\functionsEmulatorRuntime.js:718:20) {"metadata":{"emulator":{"name":"functions"},"message":"TypeError: Cannot read property 'appid' of undefined\n    at Object.<anonymous> (D:\\project\\wordbook\\functions\\index.js:14:42)\n    at Module._compile (internal/modules/cjs/loader.js:956:30)\n    at Object.Module._extensions..js (internal/modules/cjs/loader.js:973:10)\n    at Module.load (internal/modules/cjs/loader.js:812:32)\n    at Function.Module._load (internal/modules/cjs/loader.js:724:14)\n    at Module.require (internal/modules/cjs/loader.js:849:19)\n    at require (internal/modules/cjs/helpers.js:74:18)\n    at initializeRuntime (C:\\Users\\User\\AppData\\Roaming\\nvm\\v12.12.0\\node_modules\\firebase-tools\\lib\\emulator\\functionsEmulatorRuntime.js:680:29)\n    at processTicksAndRejections (internal/process/task_queues.js:93:5)\n    at async handleMessage (C:\\Users\\User\\AppData\\Roaming\\nvm\\v12.12.0\\node_modules\\firebase-tools\\lib\\emulator\\functionsEmulatorRuntime.js:718:20)"}}
[warn] !  We were unable to load your functions code. (see above) {"metadata":{"emulator":{"name":"functions"}}}
[debug] [2021-04-06T02:57:40.102Z] DEBUG: [worker-~diagnostic~-358bde26-6a73-4591-8178-d54c51ad68dc]: exited
[debug] [2021-04-06T02:57:40.102Z] DEBUG: [worker-~diagnostic~-358bde26-6a73-4591-8178-d54c51ad68dc]: FINISHED
